<?xml version="1.0" encoding="UTF-8"?>
<!-- Generated by org.testng.reporters.JUnitReportReporter -->
<testsuite skipped="0" hostname="DESKTOP-19NCAKV" name="demo.BootStrapDropDown" tests="1" failures="0" timestamp="2022-05-17T17:50:39 IST" time="34.224" errors="0">
  <testcase name="bootstrapdropdown" time="34.224" classname="demo.BootStrapDropDown"/>
  <system-out/>
</testsuite> <!-- demo.BootStrapDropDown -->
