<?xml version="1.0" encoding="UTF-8"?>
<!-- Generated by org.testng.reporters.JUnitReportReporter -->
<testsuite skipped="0" hostname="DESKTOP-19NCAKV" name="test.CreateAccountPageDDT" tests="2" failures="0" timestamp="2022-05-14T11:34:50 IST" time="22.285" errors="0">
  <testcase name="createDDT" time="11.091" classname="test.CreateAccountPageDDT"/>
  <system-out/>
  <testcase name="createDDT" time="11.194" classname="test.CreateAccountPageDDT"/>
  <system-out/>
</testsuite> <!-- test.CreateAccountPageDDT -->
