<?xml version="1.0" encoding="UTF-8"?>
<!-- Generated by org.testng.reporters.JUnitReportReporter -->
<testsuite skipped="0" hostname="DESKTOP-19NCAKV" name="demo.StaticWebTable" tests="1" failures="0" timestamp="2022-05-16T22:05:34 IST" time="29.400" errors="0">
  <testcase name="statictable" time="29.400" classname="demo.StaticWebTable"/>
  <system-out/>
</testsuite> <!-- demo.StaticWebTable -->
