<?xml version="1.0" encoding="UTF-8"?>
<!-- Generated by org.testng.reporters.JUnitReportReporter -->
<testsuite skipped="0" hostname="DESKTOP-19NCAKV" name="test.LoginPageTest" tests="1" failures="0" timestamp="2022-05-12T15:53:42 IST" time="8.173" errors="0">
  <testcase name="login" time="8.173" classname="test.LoginPageTest"/>
  <system-out/>
</testsuite> <!-- test.LoginPageTest -->
