<?xml version="1.0" encoding="UTF-8"?>
<!-- Generated by org.testng.reporters.JUnitReportReporter -->
<testsuite skipped="0" hostname="DESKTOP-19NCAKV" name="test.CreateAccountPageTest" tests="1" failures="0" timestamp="2022-05-13T19:27:40 IST" time="45.618" errors="0">
  <testcase name="createaccountpagetest" time="45.618" classname="test.CreateAccountPageTest"/>
  <system-out/>
</testsuite> <!-- test.CreateAccountPageTest -->
