<?xml version="1.0" encoding="UTF-8"?>
<!-- Generated by org.testng.reporters.JUnitReportReporter -->
<testsuite skipped="0" hostname="DESKTOP-19NCAKV" name="test.ContactInfoPageTest" tests="1" failures="0" timestamp="2022-04-25T20:30:13 IST" time="5.938" errors="0">
  <testcase name="contactInfo" time="5.938" classname="test.ContactInfoPageTest"/>
  <system-out/>
</testsuite> <!-- test.ContactInfoPageTest -->
