<?xml version="1.0" encoding="UTF-8"?>
<!-- Generated by org.testng.reporters.JUnitReportReporter -->
<testsuite skipped="0" hostname="DESKTOP-19NCAKV" name="demo.DropDown" tests="1" failures="0" timestamp="2022-05-17T00:01:51 IST" time="37.980" errors="0">
  <testcase name="dropdown" time="37.980" classname="demo.DropDown"/>
  <system-out/>
</testsuite> <!-- demo.DropDown -->
