<?xml version="1.0" encoding="UTF-8"?>
<!-- Generated by org.testng.reporters.JUnitReportReporter -->
<testsuite skipped="0" hostname="DESKTOP-19NCAKV" name="test.CartTest" tests="1" failures="0" timestamp="2022-04-25T20:28:22 IST" time="116.159" errors="0">
  <testcase name="carttest" time="116.159" classname="test.CartTest"/>
  <system-out/>
</testsuite> <!-- test.CartTest -->
