<?xml version="1.0" encoding="UTF-8"?>
<!-- Generated by org.testng.reporters.JUnitReportReporter -->
<testsuite skipped="0" hostname="DESKTOP-19NCAKV" name="test.LoginPageTest" tests="1" failures="0" timestamp="2022-04-14T17:47:08 IST" time="8.786" errors="0">
  <testcase name="signintest" time="8.786" classname="test.LoginPageTest"/>
  <system-out/>
</testsuite> <!-- test.LoginPageTest -->
