<?xml version="1.0" encoding="UTF-8"?>
<!-- Generated by org.testng.reporters.JUnitReportReporter -->
<testsuite skipped="0" hostname="DESKTOP-19NCAKV" name="test.LoginPageDDT" tests="3" failures="0" timestamp="2022-04-06T17:59:10 IST" time="108.453" errors="0">
  <testcase name="signintestddt" time="34.382" classname="test.LoginPageDDT"/>
  <system-out/>
  <testcase name="signintestddt" time="44.544" classname="test.LoginPageDDT"/>
  <system-out/>
  <testcase name="signintestddt" time="29.527" classname="test.LoginPageDDT"/>
  <system-out/>
</testsuite> <!-- test.LoginPageDDT -->
