<?xml version="1.0" encoding="UTF-8"?>
<!-- Generated by org.testng.reporters.JUnitReportReporter -->
<testsuite skipped="0" hostname="DESKTOP-19NCAKV" name="test.LoginPageDDT" tests="3" failures="0" timestamp="2022-05-15T10:54:09 IST" time="36.797" errors="0">
  <testcase name="signintestddt" time="15.662" classname="test.LoginPageDDT"/>
  <system-out/>
  <testcase name="signintestddt" time="9.693" classname="test.LoginPageDDT"/>
  <system-out/>
  <testcase name="signintestddt" time="11.442" classname="test.LoginPageDDT"/>
  <system-out/>
</testsuite> <!-- test.LoginPageDDT -->
