<?xml version="1.0" encoding="UTF-8"?>
<!-- Generated by org.testng.reporters.JUnitReportReporter -->
<testsuite skipped="0" hostname="DESKTOP-19NCAKV" name="test.HomePageTest" tests="1" failures="0" timestamp="2022-04-07T19:07:04 IST" time="7.753" errors="0">
  <testcase name="homepageTest" time="7.753" classname="test.HomePageTest"/>
  <system-out/>
</testsuite> <!-- test.HomePageTest -->
