<?xml version="1.0" encoding="UTF-8"?>
<!-- Generated by org.testng.reporters.JUnitReportReporter -->
<testsuite skipped="0" hostname="DESKTOP-19NCAKV" name="test.CreateAccountPageTest" tests="1" failures="0" timestamp="2022-04-18T17:12:41 IST" time="11.685" errors="0">
  <testcase name="createaccountpagetest" time="11.685" classname="test.CreateAccountPageTest"/>
  <system-out/>
</testsuite> <!-- test.CreateAccountPageTest -->
