<?xml version="1.0" encoding="UTF-8"?>
<!-- Generated by org.testng.reporters.JUnitReportReporter -->
<testsuite skipped="0" hostname="DESKTOP-19NCAKV" name="test.TestLogin" tests="1" failures="0" timestamp="2022-04-14T14:34:15 IST" time="6.510" errors="0">
  <testcase name="test" time="6.510" classname="test.TestLogin"/>
  <system-out/>
</testsuite> <!-- test.TestLogin -->
