<?xml version="1.0" encoding="UTF-8"?>
<!-- Generated by org.testng.reporters.JUnitReportReporter -->
<testsuite skipped="0" hostname="DESKTOP-19NCAKV" name="demo.DropDownCss" tests="1" failures="0" timestamp="2022-05-17T16:11:58 IST" time="33.105" errors="0">
  <testcase name="dropdowncss" time="33.105" classname="demo.DropDownCss"/>
  <system-out/>
</testsuite> <!-- demo.DropDownCss -->
