<?xml version="1.0" encoding="UTF-8"?>
<!-- Generated by org.testng.reporters.JUnitReportReporter -->
<testsuite skipped="0" hostname="DESKTOP-19NCAKV" name="demo.SetData" tests="1" failures="0" timestamp="2022-05-16T17:26:59 IST" time="3.303" errors="0">
  <testcase name="addData" time="3.303" classname="demo.SetData"/>
  <system-out/>
</testsuite> <!-- demo.SetData -->
