<?xml version="1.0" encoding="UTF-8"?>
<!-- Generated by org.testng.reporters.JUnitReportReporter -->
<testsuite skipped="0" hostname="DESKTOP-19NCAKV" name="test.LoginPageDDT" tests="3" failures="0" timestamp="2022-05-16T18:08:49 IST" time="100.696" errors="0">
  <testcase name="signintestddt" time="45.729" classname="test.LoginPageDDT"/>
  <system-out/>
  <testcase name="signintestddt" time="25.374" classname="test.LoginPageDDT"/>
  <system-out/>
  <testcase name="signintestddt" time="29.593" classname="test.LoginPageDDT"/>
  <system-out/>
</testsuite> <!-- test.LoginPageDDT -->
