<?xml version="1.0" encoding="UTF-8"?>
<!-- Generated by org.testng.reporters.JUnitReportReporter -->
<testsuite skipped="0" hostname="DESKTOP-19NCAKV" name="test.HomePageTest" tests="1" failures="0" timestamp="2022-05-12T18:29:33 IST" time="5.268" errors="0">
  <testcase name="homepage" time="5.268" classname="test.HomePageTest"/>
  <system-out/>
</testsuite> <!-- test.HomePageTest -->
