<?xml version="1.0" encoding="UTF-8"?>
<!-- Generated by org.testng.reporters.JUnitReportReporter -->
<testsuite skipped="0" hostname="DESKTOP-19NCAKV" name="test.LoginPageTest" tests="1" failures="0" timestamp="2022-04-07T19:07:04 IST" time="13.316" errors="0">
  <testcase name="signintest" time="13.316" classname="test.LoginPageTest"/>
  <system-out/>
</testsuite> <!-- test.LoginPageTest -->
