<?xml version="1.0" encoding="UTF-8"?>
<!-- Generated by org.testng.reporters.JUnitReportReporter -->
<testsuite skipped="0" hostname="DESKTOP-19NCAKV" name="test.ContactInfoPageTest" tests="1" failures="0" timestamp="2022-05-13T17:56:25 IST" time="3.897" errors="0">
  <testcase name="cpage" time="3.897" classname="test.ContactInfoPageTest"/>
  <system-out/>
</testsuite> <!-- test.ContactInfoPageTest -->
